2025-03-12 19:16:40 - [INFO] - Iniciando el proceso principal de limpieza y análisis.
2025-03-12 19:16:41 - [INFO] - Archivos train y store cargados correctamente.
2025-03-12 19:16:41 - [INFO] - Archivo test cargado correctamente.
2025-03-12 19:16:41 - [INFO] - Archivo test.csv cargado: (41088, 8)
2025-03-12 19:16:41 - [INFO] - Iniciando EDA inicial...
2025-03-12 19:16:49 - [INFO] - EDA inicial completado.
2025-03-12 19:16:49 - [INFO] - Unión de DataFrames (train y store) completada correctamente.
2025-03-12 19:16:49 - [INFO] - Iniciando limpieza y transformación de datos...
2025-03-12 19:16:50 - [INFO] - Limpieza y transformación completadas con éxito.
2025-03-12 19:16:50 - [INFO] - Iniciando EDA final...
2025-03-12 19:16:56 - [INFO] - EDA final completado.
2025-03-12 19:17:02 - [INFO] - Datos limpios guardados en: DATA/rossmann_final.csv
2025-03-12 19:17:02 - [INFO] - Proceso completado con éxito.
2025-03-12 19:22:07 - [INFO] - Iniciando notebook de análisis unificado.
2025-03-12 19:22:08 - [INFO] - Archivos train y store cargados correctamente.
2025-03-12 19:22:08 - [INFO] - Archivo test.csv cargado: (41088, 8)
2025-03-12 19:22:08 - [INFO] - Unión de DataFrames (train y store) completada correctamente.
2025-03-12 19:22:08 - [INFO] - Iniciando EDA inicial...
2025-03-12 19:22:13 - [INFO] - EDA inicial completado.
2025-03-12 19:22:13 - [INFO] - Iniciando limpieza y transformación de datos...
2025-03-12 19:22:14 - [INFO] - Limpieza y transformación completadas con éxito.
2025-03-12 19:22:14 - [INFO] - Iniciando EDA final...
2025-03-12 19:22:15 - [INFO] - EDA final completado.
2025-03-12 19:22:21 - [INFO] - Datos limpios guardados en: DATA/rossmann_final.csv
